"Start of log file."
"D:/CCMacho/CCMacho/Assets/Model/Stage/Sliding_Obj.max"
"Starting max loading and fbx conversion"
window = undefined
"Settings units"
"Before fbx export"
"After fbx export"
"Finished max loading and fbx conversion"
"D:/CCMacho/CCMacho/Assets/Model/Stage/Long Block_Obj.max"
"Starting max loading and fbx conversion"
window = undefined
"Settings units"
"Before fbx export"
"After fbx export"
"Finished max loading and fbx conversion"
"D:/CCMacho/CCMacho/Assets/Model/Stage/Junp Over_Obj.max"
"Starting max loading and fbx conversion"
window = undefined
"Settings units"
"Before fbx export"
"After fbx export"
"Finished max loading and fbx conversion"
"D:/CCMacho/CCMacho/Assets/Model/Stage/Over Tall_Obj.max"
"Starting max loading and fbx conversion"
window = undefined
"Settings units"
"Before fbx export"
"After fbx export"
"Finished max loading and fbx conversion"
